{
"contracts/Looping.sol":{"l":{"35":0,"36":0,"37":0,"41":0,"42":0,"43":0,"44":0,"55":0,"56":0,"57":0,"58":0,"60":0,"61":0,"65":0,"68":0,"71":0,"72":0,"73":0,"74":0,"75":0,"77":0,"87":0,"88":0,"89":0,"91":0,"92":0,"102":0,"105":0,"106":0,"107":0,"108":0,"109":0,"111":0,"113":0,"123":0,"125":0,"126":0,"128":0,"130":0,"136":0,"137":0,"139":0,"140":0,"143":0,"144":0,"153":0,"158":0,"159":0,"160":0,"169":0,"170":0,"171":0,"173":0,"176":0,"181":0,"184":0,"187":0,"188":0,"190":0,"191":0,"194":0,"195":0,"204":0,"209":0,"210":0,"211":0},"path":"contracts/Looping.sol","s":{"1":0,"2":0,"3":0,"4":0,"5":0,"6":0,"7":0,"8":0,"9":0,"10":0,"11":0,"12":0,"13":0,"14":0,"15":0,"16":0,"17":0,"18":0,"19":0,"20":0,"21":0,"22":0,"23":0,"24":0,"25":0,"26":0,"27":0,"28":0,"29":0,"30":0,"31":0,"32":0,"33":0,"34":0,"35":0,"36":0,"37":0,"38":0,"39":0,"40":0,"41":0,"42":0,"43":0,"44":0,"45":0,"46":0,"47":0,"48":0,"49":0,"50":0},"b":{"1":[0,0],"2":[0,0],"3":[0,0],"4":[0,0],"5":[0,0],"6":[0,0],"7":[0,0],"8":[0,0]},"f":{"1":0,"2":0,"3":0,"4":0,"5":0,"6":0,"7":0,"8":0,"9":0},"fnMap":{"1":{"name":"constructor","line":34,"loc":{"start":{"line":33,"column":4},"end":{"line":38,"column":4}}},"2":{"name":"setExecutionParams","line":40,"loc":{"start":{"line":40,"column":4},"end":{"line":45,"column":4}}},"3":{"name":"depositCalculations","line":47,"loc":{"start":{"line":47,"column":4},"end":{"line":62,"column":4}}},"4":{"name":"_deposit","line":64,"loc":{"start":{"line":64,"column":4},"end":{"line":78,"column":4}}},"5":{"name":"withdrawCalculations","line":80,"loc":{"start":{"line":80,"column":4},"end":{"line":93,"column":4}}},"6":{"name":"_withdraw","line":95,"loc":{"start":{"line":95,"column":4},"end":{"line":114,"column":4}}},"7":{"name":"receiveFlashLoan","line":117,"loc":{"start":{"line":117,"column":4},"end":{"line":132,"column":4}}},"8":{"name":"_leverage","line":134,"loc":{"start":{"line":134,"column":4},"end":{"line":177,"column":4}}},"9":{"name":"_deleverage","line":179,"loc":{"start":{"line":179,"column":4},"end":{"line":218,"column":4}}}},"statementMap":{"1":{"start":{"line":41,"column":8},"end":{"line":41,"column":34}},"2":{"start":{"line":55,"column":8},"end":{"line":55,"column":71}},"3":{"start":{"line":56,"column":8},"end":{"line":56,"column":82}},"4":{"start":{"line":57,"column":8},"end":{"line":57,"column":96}},"5":{"start":{"line":58,"column":8},"end":{"line":58,"column":70}},"6":{"start":{"line":65,"column":8},"end":{"line":65,"column":55}},"7":{"start":{"line":68,"column":8},"end":{"line":68,"column":77}},"8":{"start":{"line":71,"column":8},"end":{"line":71,"column":48}},"9":{"start":{"line":73,"column":8},"end":{"line":73,"column":51}},"10":{"start":{"line":75,"column":8},"end":{"line":75,"column":101}},"11":{"start":{"line":77,"column":8},"end":{"line":77,"column":97}},"12":{"start":{"line":87,"column":8},"end":{"line":87,"column":71}},"13":{"start":{"line":88,"column":8},"end":{"line":88,"column":82}},"14":{"start":{"line":89,"column":8},"end":{"line":89,"column":116}},"15":{"start":{"line":102,"column":8},"end":{"line":102,"column":96}},"16":{"start":{"line":105,"column":8},"end":{"line":105,"column":48}},"17":{"start":{"line":107,"column":8},"end":{"line":107,"column":51}},"18":{"start":{"line":109,"column":8},"end":{"line":109,"column":96}},"19":{"start":{"line":111,"column":8},"end":{"line":111,"column":97}},"20":{"start":{"line":113,"column":8},"end":{"line":113,"column":63}},"21":{"start":{"line":123,"column":8},"end":{"line":123,"column":121}},"22":{"start":{"line":125,"column":8},"end":{"line":125,"column":6445}},"23":{"start":{"line":126,"column":12},"end":{"line":126,"column":47}},"24":{"start":{"line":127,"column":15},"end":{"line":127,"column":6548}},"25":{"start":{"line":128,"column":12},"end":{"line":128,"column":62}},"26":{"start":{"line":130,"column":12},"end":{"line":130,"column":47}},"27":{"start":{"line":136,"column":8},"end":{"line":136,"column":76}},"28":{"start":{"line":137,"column":8},"end":{"line":137,"column":6932}},"29":{"start":{"line":139,"column":12},"end":{"line":139,"column":84}},"30":{"start":{"line":140,"column":12},"end":{"line":140,"column":82}},"31":{"start":{"line":144,"column":12},"end":{"line":144,"column":7241}},"32":{"start":{"line":153,"column":12},"end":{"line":153,"column":7602}},"33":{"start":{"line":158,"column":12},"end":{"line":158,"column":38}},"34":{"start":{"line":159,"column":12},"end":{"line":159,"column":46}},"35":{"start":{"line":160,"column":12},"end":{"line":160,"column":7921}},"36":{"start":{"line":170,"column":12},"end":{"line":170,"column":94}},"37":{"start":{"line":171,"column":12},"end":{"line":171,"column":72}},"38":{"start":{"line":173,"column":8},"end":{"line":173,"column":90}},"39":{"start":{"line":176,"column":8},"end":{"line":176,"column":99}},"40":{"start":{"line":181,"column":8},"end":{"line":181,"column":95}},"41":{"start":{"line":184,"column":8},"end":{"line":184,"column":58}},"42":{"start":{"line":187,"column":8},"end":{"line":187,"column":69}},"43":{"start":{"line":188,"column":8},"end":{"line":188,"column":9024}},"44":{"start":{"line":190,"column":12},"end":{"line":190,"column":77}},"45":{"start":{"line":191,"column":12},"end":{"line":191,"column":75}},"46":{"start":{"line":195,"column":12},"end":{"line":195,"column":9312}},"47":{"start":{"line":204,"column":12},"end":{"line":204,"column":9673}},"48":{"start":{"line":209,"column":12},"end":{"line":209,"column":38}},"49":{"start":{"line":210,"column":12},"end":{"line":210,"column":46}},"50":{"start":{"line":211,"column":12},"end":{"line":211,"column":9992}}},"branchMap":{"1":{"line":40,"type":"if","locations":[{"start":{"line":40,"column":119},"end":{"line":40,"column":119}},{"start":{"line":40,"column":119},"end":{"line":40,"column":119}}]},"2":{"line":125,"type":"if","locations":[{"start":{"line":125,"column":8},"end":{"line":125,"column":8}},{"start":{"line":125,"column":8},"end":{"line":125,"column":8}}]},"3":{"line":127,"type":"if","locations":[{"start":{"line":127,"column":15},"end":{"line":127,"column":15}},{"start":{"line":127,"column":15},"end":{"line":127,"column":15}}]},"4":{"line":137,"type":"if","locations":[{"start":{"line":137,"column":8},"end":{"line":137,"column":8}},{"start":{"line":137,"column":8},"end":{"line":137,"column":8}}]},"5":{"line":140,"type":"if","locations":[{"start":{"line":140,"column":12},"end":{"line":140,"column":12}},{"start":{"line":140,"column":12},"end":{"line":140,"column":12}}]},"6":{"line":171,"type":"if","locations":[{"start":{"line":171,"column":12},"end":{"line":171,"column":12}},{"start":{"line":171,"column":12},"end":{"line":171,"column":12}}]},"7":{"line":188,"type":"if","locations":[{"start":{"line":188,"column":8},"end":{"line":188,"column":8}},{"start":{"line":188,"column":8},"end":{"line":188,"column":8}}]},"8":{"line":191,"type":"if","locations":[{"start":{"line":191,"column":12},"end":{"line":191,"column":12}},{"start":{"line":191,"column":12},"end":{"line":191,"column":12}}]}}},
"contracts/OwnableERC4626.sol":{"l":{"21":0},"path":"contracts/OwnableERC4626.sol","s":{},"b":{},"f":{"1":0},"fnMap":{"1":{"name":"constructor","line":19,"loc":{"start":{"line":17,"column":4},"end":{"line":22,"column":4}}}},"statementMap":{},"branchMap":{}}}
