TN:
SF:contracts/Looping.sol
FN:34,constructor
FN:40,setExecutionParams
FN:47,depositCalculations
FN:64,_deposit
FN:80,withdrawCalculations
FN:95,_withdraw
FN:117,receiveFlashLoan
FN:134,_leverage
FN:179,_deleverage
FNF:9
FNH:0
FNDA:0,constructor
FNDA:0,setExecutionParams
FNDA:0,depositCalculations
FNDA:0,_deposit
FNDA:0,withdrawCalculations
FNDA:0,_withdraw
FNDA:0,receiveFlashLoan
FNDA:0,_leverage
FNDA:0,_deleverage
DA:35,0
DA:36,0
DA:37,0
DA:41,0
DA:42,0
DA:43,0
DA:44,0
DA:55,0
DA:56,0
DA:57,0
DA:58,0
DA:60,0
DA:61,0
DA:65,0
DA:68,0
DA:71,0
DA:72,0
DA:73,0
DA:74,0
DA:75,0
DA:77,0
DA:87,0
DA:88,0
DA:89,0
DA:91,0
DA:92,0
DA:102,0
DA:105,0
DA:106,0
DA:107,0
DA:108,0
DA:109,0
DA:111,0
DA:113,0
DA:123,0
DA:125,0
DA:126,0
DA:128,0
DA:130,0
DA:136,0
DA:137,0
DA:139,0
DA:140,0
DA:143,0
DA:144,0
DA:153,0
DA:158,0
DA:159,0
DA:160,0
DA:169,0
DA:170,0
DA:171,0
DA:173,0
DA:176,0
DA:181,0
DA:184,0
DA:187,0
DA:188,0
DA:190,0
DA:191,0
DA:194,0
DA:195,0
DA:204,0
DA:209,0
DA:210,0
DA:211,0
LF:66
LH:0
BRDA:40,1,0,0
BRDA:40,1,1,0
BRDA:125,2,0,0
BRDA:125,2,1,0
BRDA:127,3,0,0
BRDA:127,3,1,0
BRDA:137,4,0,0
BRDA:137,4,1,0
BRDA:140,5,0,0
BRDA:140,5,1,0
BRDA:171,6,0,0
BRDA:171,6,1,0
BRDA:188,7,0,0
BRDA:188,7,1,0
BRDA:191,8,0,0
BRDA:191,8,1,0
BRF:16
BRH:0
end_of_record
TN:
SF:contracts/OwnableERC4626.sol
FN:19,constructor
FNF:1
FNH:0
FNDA:0,constructor
DA:21,0
LF:1
LH:0
BRF:0
BRH:0
end_of_record
